<?xml version="1.0" encoding="UTF-8"?>
<testng-results skipped="0" failed="0" total="1" passed="1">
  <reporter-output>
  </reporter-output>
  <suite name="Default suite" duration-ms="9587" started-at="2019-10-23T13:35:12Z" finished-at="2019-10-23T13:35:22Z">
    <groups>
    </groups>
    <test name="Default test" duration-ms="9587" started-at="2019-10-23T13:35:12Z" finished-at="2019-10-23T13:35:22Z">
      <class name="TestPage.LoginPageTest">
        <test-method status="PASS" signature="setUp()[pri:0, instance:TestPage.LoginPageTest@cb5822]" name="setUp" is-config="true" duration-ms="7798" started-at="2019-10-23T19:05:12Z" finished-at="2019-10-23T19:05:20Z">
          <reporter-output>
          </reporter-output>
        </test-method> <!-- setUp -->
        <test-method status="PASS" signature="ConfigPropLogin()[pri:0, instance:TestPage.LoginPageTest@cb5822]" name="ConfigPropLogin" duration-ms="1770" started-at="2019-10-23T19:05:20Z" finished-at="2019-10-23T19:05:22Z">
          <reporter-output>
          </reporter-output>
        </test-method> <!-- ConfigPropLogin -->
      </class> <!-- TestPage.LoginPageTest -->
    </test> <!-- Default test -->
  </suite> <!-- Default suite -->
</testng-results>
